<?xml version="1.0" encoding="UTF-8"?>
<!-- Generated by org.testng.reporters.JUnitReportReporter -->
<testsuite hostname="DESKTOP-4RP7IO3" failures="0" tests="1" name="tests.FishBuyTest" time="6.896" errors="0" timestamp="30 lis 2020 17:47:31 GMT" skipped="0">
  <testcase classname="tests.FishBuyTest" name="fishBuyTest" time="6.896"/>
</testsuite> <!-- tests.FishBuyTest -->
