<?xml version="1.0" encoding="UTF-8"?>
<!-- Generated by org.testng.reporters.JUnitReportReporter -->
<testsuite hostname="DESKTOP-4RP7IO3" failures="0" tests="1" name="tests.FishBuyTest" time="7.443" errors="0" timestamp="03 gru 2020 18:18:12 GMT" skipped="0">
  <testcase classname="tests.FishBuyTest" name="fishBuyTest" time="7.443"/>
</testsuite> <!-- tests.FishBuyTest -->
